[2020-07-27 17:12:37] [CyberSource\Authentication\Core\MerchantConfiguration] [INFO] Log Directory is Invalid, Default taking: Log
[DEBUG] HTTP Request body  ~BEGIN~
{"clientReferenceInformation":{"code":"TC50171_3"},"processingInformation":{"capture":false},"paymentInformation":{"card":{"number":"4111111111111111","expirationMonth":"12","expirationYear":"2031"}},"orderInformation":{"amountDetails":{"totalAmount":"100.23","currency":"USD"},"billTo":{"firstName":"John","lastName":"Doe","address1":"1 Market St","locality":"san francisco","administrativeArea":"CA","postalCode":"94105","country":"US","email":"test@cybs.com","phoneNumber":"4158880000"}}}
~END~
* Expire in 0 ms for 6 (transfer 0x28c9464d6c0)
* Expire in 1 ms for 1 (transfer 0x28c9464d6c0)
* Expire in 0 ms for 1 (transfer 0x28c9464d6c0)
* Expire in 1 ms for 1 (transfer 0x28c9464d6c0)
* Expire in 0 ms for 1 (transfer 0x28c9464d6c0)
* Expire in 0 ms for 1 (transfer 0x28c9464d6c0)
* Expire in 1 ms for 1 (transfer 0x28c9464d6c0)
* Expire in 0 ms for 1 (transfer 0x28c9464d6c0)
* Expire in 0 ms for 1 (transfer 0x28c9464d6c0)
* Expire in 1 ms for 1 (transfer 0x28c9464d6c0)
* Expire in 0 ms for 1 (transfer 0x28c9464d6c0)
* Expire in 0 ms for 1 (transfer 0x28c9464d6c0)
* Expire in 1 ms for 1 (transfer 0x28c9464d6c0)
* Expire in 0 ms for 1 (transfer 0x28c9464d6c0)
* Expire in 0 ms for 1 (transfer 0x28c9464d6c0)
* Expire in 1 ms for 1 (transfer 0x28c9464d6c0)
* Expire in 0 ms for 1 (transfer 0x28c9464d6c0)
* Expire in 0 ms for 1 (transfer 0x28c9464d6c0)
* Expire in 1 ms for 1 (transfer 0x28c9464d6c0)
* Expire in 0 ms for 1 (transfer 0x28c9464d6c0)
* Expire in 0 ms for 1 (transfer 0x28c9464d6c0)
* Expire in 1 ms for 1 (transfer 0x28c9464d6c0)
* Expire in 0 ms for 1 (transfer 0x28c9464d6c0)
* Expire in 0 ms for 1 (transfer 0x28c9464d6c0)
* Expire in 1 ms for 1 (transfer 0x28c9464d6c0)
* Expire in 0 ms for 1 (transfer 0x28c9464d6c0)
* Expire in 0 ms for 1 (transfer 0x28c9464d6c0)
* Expire in 1 ms for 1 (transfer 0x28c9464d6c0)
* Expire in 0 ms for 1 (transfer 0x28c9464d6c0)
* Expire in 0 ms for 1 (transfer 0x28c9464d6c0)
* Expire in 1 ms for 1 (transfer 0x28c9464d6c0)
* Expire in 0 ms for 1 (transfer 0x28c9464d6c0)
* Expire in 0 ms for 1 (transfer 0x28c9464d6c0)
* Expire in 1 ms for 1 (transfer 0x28c9464d6c0)
* Expire in 0 ms for 1 (transfer 0x28c9464d6c0)
* Expire in 0 ms for 1 (transfer 0x28c9464d6c0)
* Expire in 1 ms for 1 (transfer 0x28c9464d6c0)
* Expire in 0 ms for 1 (transfer 0x28c9464d6c0)
* Expire in 0 ms for 1 (transfer 0x28c9464d6c0)
* Expire in 1 ms for 1 (transfer 0x28c9464d6c0)
* Expire in 0 ms for 1 (transfer 0x28c9464d6c0)
* Expire in 0 ms for 1 (transfer 0x28c9464d6c0)
* Expire in 1 ms for 1 (transfer 0x28c9464d6c0)
* Expire in 0 ms for 1 (transfer 0x28c9464d6c0)
* Expire in 0 ms for 1 (transfer 0x28c9464d6c0)
* Expire in 1 ms for 1 (transfer 0x28c9464d6c0)
* Expire in 0 ms for 1 (transfer 0x28c9464d6c0)
* Expire in 0 ms for 1 (transfer 0x28c9464d6c0)
* Expire in 1 ms for 1 (transfer 0x28c9464d6c0)
* Expire in 0 ms for 1 (transfer 0x28c9464d6c0)
* Expire in 0 ms for 1 (transfer 0x28c9464d6c0)
* Expire in 1 ms for 1 (transfer 0x28c9464d6c0)
* Expire in 0 ms for 1 (transfer 0x28c9464d6c0)
* Expire in 0 ms for 1 (transfer 0x28c9464d6c0)
* Expire in 1 ms for 1 (transfer 0x28c9464d6c0)
* Expire in 0 ms for 1 (transfer 0x28c9464d6c0)
* Expire in 0 ms for 1 (transfer 0x28c9464d6c0)
* Expire in 1 ms for 1 (transfer 0x28c9464d6c0)
* Expire in 0 ms for 1 (transfer 0x28c9464d6c0)
* Expire in 0 ms for 1 (transfer 0x28c9464d6c0)
* Expire in 1 ms for 1 (transfer 0x28c9464d6c0)
* Expire in 0 ms for 1 (transfer 0x28c9464d6c0)
* Expire in 0 ms for 1 (transfer 0x28c9464d6c0)
* Expire in 1 ms for 1 (transfer 0x28c9464d6c0)
* Expire in 0 ms for 1 (transfer 0x28c9464d6c0)
* Expire in 0 ms for 1 (transfer 0x28c9464d6c0)
* Expire in 1 ms for 1 (transfer 0x28c9464d6c0)
* Expire in 0 ms for 1 (transfer 0x28c9464d6c0)
* Expire in 0 ms for 1 (transfer 0x28c9464d6c0)
* Expire in 1 ms for 1 (transfer 0x28c9464d6c0)
* Expire in 0 ms for 1 (transfer 0x28c9464d6c0)
* Expire in 0 ms for 1 (transfer 0x28c9464d6c0)
* Expire in 1 ms for 1 (transfer 0x28c9464d6c0)
* Expire in 0 ms for 1 (transfer 0x28c9464d6c0)
* Expire in 0 ms for 1 (transfer 0x28c9464d6c0)
* Expire in 1 ms for 1 (transfer 0x28c9464d6c0)
* Expire in 0 ms for 1 (transfer 0x28c9464d6c0)
* Expire in 0 ms for 1 (transfer 0x28c9464d6c0)
* Expire in 1 ms for 1 (transfer 0x28c9464d6c0)
* Expire in 0 ms for 1 (transfer 0x28c9464d6c0)
* Expire in 0 ms for 1 (transfer 0x28c9464d6c0)
* Expire in 1 ms for 1 (transfer 0x28c9464d6c0)
* Expire in 0 ms for 1 (transfer 0x28c9464d6c0)
* Expire in 0 ms for 1 (transfer 0x28c9464d6c0)
* Expire in 1 ms for 1 (transfer 0x28c9464d6c0)
* Expire in 0 ms for 1 (transfer 0x28c9464d6c0)
* Expire in 0 ms for 1 (transfer 0x28c9464d6c0)
* Expire in 1 ms for 1 (transfer 0x28c9464d6c0)
* Expire in 0 ms for 1 (transfer 0x28c9464d6c0)
* Expire in 0 ms for 1 (transfer 0x28c9464d6c0)
* Expire in 1 ms for 1 (transfer 0x28c9464d6c0)
* Expire in 0 ms for 1 (transfer 0x28c9464d6c0)
* Expire in 0 ms for 1 (transfer 0x28c9464d6c0)
* Expire in 1 ms for 1 (transfer 0x28c9464d6c0)
* Expire in 0 ms for 1 (transfer 0x28c9464d6c0)
* Expire in 0 ms for 1 (transfer 0x28c9464d6c0)
* Expire in 1 ms for 1 (transfer 0x28c9464d6c0)
* Expire in 0 ms for 1 (transfer 0x28c9464d6c0)
* Expire in 0 ms for 1 (transfer 0x28c9464d6c0)
* Expire in 1 ms for 1 (transfer 0x28c9464d6c0)
* Expire in 0 ms for 1 (transfer 0x28c9464d6c0)
* Expire in 0 ms for 1 (transfer 0x28c9464d6c0)
* Expire in 1 ms for 1 (transfer 0x28c9464d6c0)
* Expire in 0 ms for 1 (transfer 0x28c9464d6c0)
* Expire in 0 ms for 1 (transfer 0x28c9464d6c0)
* Expire in 1 ms for 1 (transfer 0x28c9464d6c0)
* Expire in 0 ms for 1 (transfer 0x28c9464d6c0)
* Expire in 0 ms for 1 (transfer 0x28c9464d6c0)
* Expire in 1 ms for 1 (transfer 0x28c9464d6c0)
* Expire in 0 ms for 1 (transfer 0x28c9464d6c0)
* Expire in 0 ms for 1 (transfer 0x28c9464d6c0)
* Expire in 1 ms for 1 (transfer 0x28c9464d6c0)
* Expire in 0 ms for 1 (transfer 0x28c9464d6c0)
* Expire in 0 ms for 1 (transfer 0x28c9464d6c0)
* Expire in 1 ms for 1 (transfer 0x28c9464d6c0)
* Expire in 0 ms for 1 (transfer 0x28c9464d6c0)
* Expire in 0 ms for 1 (transfer 0x28c9464d6c0)
* Expire in 1 ms for 1 (transfer 0x28c9464d6c0)
* Expire in 0 ms for 1 (transfer 0x28c9464d6c0)
* Expire in 0 ms for 1 (transfer 0x28c9464d6c0)
* Expire in 1 ms for 1 (transfer 0x28c9464d6c0)
* Expire in 0 ms for 1 (transfer 0x28c9464d6c0)
* Expire in 0 ms for 1 (transfer 0x28c9464d6c0)
* Expire in 1 ms for 1 (transfer 0x28c9464d6c0)
* Expire in 0 ms for 1 (transfer 0x28c9464d6c0)
* Expire in 0 ms for 1 (transfer 0x28c9464d6c0)
* Expire in 1 ms for 1 (transfer 0x28c9464d6c0)
* Expire in 0 ms for 1 (transfer 0x28c9464d6c0)
* Expire in 0 ms for 1 (transfer 0x28c9464d6c0)
* Expire in 1 ms for 1 (transfer 0x28c9464d6c0)
* Expire in 0 ms for 1 (transfer 0x28c9464d6c0)
* Expire in 0 ms for 1 (transfer 0x28c9464d6c0)
* Expire in 1 ms for 1 (transfer 0x28c9464d6c0)
* Expire in 0 ms for 1 (transfer 0x28c9464d6c0)
* Expire in 0 ms for 1 (transfer 0x28c9464d6c0)
* Expire in 1 ms for 1 (transfer 0x28c9464d6c0)
* Expire in 0 ms for 1 (transfer 0x28c9464d6c0)
* Expire in 0 ms for 1 (transfer 0x28c9464d6c0)
* Expire in 1 ms for 1 (transfer 0x28c9464d6c0)
* Expire in 0 ms for 1 (transfer 0x28c9464d6c0)
* Expire in 0 ms for 1 (transfer 0x28c9464d6c0)
* Expire in 2 ms for 1 (transfer 0x28c9464d6c0)
* Expire in 0 ms for 1 (transfer 0x28c9464d6c0)
* Expire in 0 ms for 1 (transfer 0x28c9464d6c0)
* Expire in 2 ms for 1 (transfer 0x28c9464d6c0)
* Expire in 0 ms for 1 (transfer 0x28c9464d6c0)
* Expire in 0 ms for 1 (transfer 0x28c9464d6c0)
* Expire in 2 ms for 1 (transfer 0x28c9464d6c0)
* Expire in 0 ms for 1 (transfer 0x28c9464d6c0)
* Expire in 0 ms for 1 (transfer 0x28c9464d6c0)
* Expire in 2 ms for 1 (transfer 0x28c9464d6c0)
* Expire in 0 ms for 1 (transfer 0x28c9464d6c0)
* Expire in 0 ms for 1 (transfer 0x28c9464d6c0)
* Expire in 2 ms for 1 (transfer 0x28c9464d6c0)
* Expire in 0 ms for 1 (transfer 0x28c9464d6c0)
* Expire in 0 ms for 1 (transfer 0x28c9464d6c0)
* Expire in 2 ms for 1 (transfer 0x28c9464d6c0)
* Expire in 0 ms for 1 (transfer 0x28c9464d6c0)
* Expire in 0 ms for 1 (transfer 0x28c9464d6c0)
* Expire in 2 ms for 1 (transfer 0x28c9464d6c0)
* Expire in 0 ms for 1 (transfer 0x28c9464d6c0)
* Expire in 0 ms for 1 (transfer 0x28c9464d6c0)
* Expire in 2 ms for 1 (transfer 0x28c9464d6c0)
* Expire in 0 ms for 1 (transfer 0x28c9464d6c0)
* Expire in 0 ms for 1 (transfer 0x28c9464d6c0)
* Expire in 2 ms for 1 (transfer 0x28c9464d6c0)
* Expire in 0 ms for 1 (transfer 0x28c9464d6c0)
* Expire in 0 ms for 1 (transfer 0x28c9464d6c0)
* Expire in 2 ms for 1 (transfer 0x28c9464d6c0)
* Expire in 0 ms for 1 (transfer 0x28c9464d6c0)
* Expire in 0 ms for 1 (transfer 0x28c9464d6c0)
* Expire in 2 ms for 1 (transfer 0x28c9464d6c0)
* Expire in 0 ms for 1 (transfer 0x28c9464d6c0)
* Expire in 0 ms for 1 (transfer 0x28c9464d6c0)
* Expire in 2 ms for 1 (transfer 0x28c9464d6c0)
* Expire in 0 ms for 1 (transfer 0x28c9464d6c0)
* Expire in 0 ms for 1 (transfer 0x28c9464d6c0)
* Expire in 2 ms for 1 (transfer 0x28c9464d6c0)
* Expire in 0 ms for 1 (transfer 0x28c9464d6c0)
* Expire in 0 ms for 1 (transfer 0x28c9464d6c0)
* Expire in 2 ms for 1 (transfer 0x28c9464d6c0)
* Expire in 0 ms for 1 (transfer 0x28c9464d6c0)
* Expire in 0 ms for 1 (transfer 0x28c9464d6c0)
* Expire in 2 ms for 1 (transfer 0x28c9464d6c0)
* Expire in 0 ms for 1 (transfer 0x28c9464d6c0)
* Expire in 0 ms for 1 (transfer 0x28c9464d6c0)
* Expire in 2 ms for 1 (transfer 0x28c9464d6c0)
* Expire in 0 ms for 1 (transfer 0x28c9464d6c0)
* Expire in 0 ms for 1 (transfer 0x28c9464d6c0)
* Expire in 2 ms for 1 (transfer 0x28c9464d6c0)
* Expire in 0 ms for 1 (transfer 0x28c9464d6c0)
* Expire in 0 ms for 1 (transfer 0x28c9464d6c0)
* Expire in 2 ms for 1 (transfer 0x28c9464d6c0)
* Expire in 0 ms for 1 (transfer 0x28c9464d6c0)
* Expire in 0 ms for 1 (transfer 0x28c9464d6c0)
* Expire in 2 ms for 1 (transfer 0x28c9464d6c0)
* Expire in 0 ms for 1 (transfer 0x28c9464d6c0)
* Expire in 0 ms for 1 (transfer 0x28c9464d6c0)
* Expire in 2 ms for 1 (transfer 0x28c9464d6c0)
* Expire in 0 ms for 1 (transfer 0x28c9464d6c0)
* Expire in 0 ms for 1 (transfer 0x28c9464d6c0)
* Expire in 2 ms for 1 (transfer 0x28c9464d6c0)
* Expire in 0 ms for 1 (transfer 0x28c9464d6c0)
* Expire in 0 ms for 1 (transfer 0x28c9464d6c0)
* Expire in 2 ms for 1 (transfer 0x28c9464d6c0)
* Expire in 0 ms for 1 (transfer 0x28c9464d6c0)
* Expire in 0 ms for 1 (transfer 0x28c9464d6c0)
* Expire in 2 ms for 1 (transfer 0x28c9464d6c0)
* Expire in 0 ms for 1 (transfer 0x28c9464d6c0)
* Expire in 0 ms for 1 (transfer 0x28c9464d6c0)
* Expire in 2 ms for 1 (transfer 0x28c9464d6c0)
* Expire in 0 ms for 1 (transfer 0x28c9464d6c0)
* Expire in 0 ms for 1 (transfer 0x28c9464d6c0)
* Expire in 2 ms for 1 (transfer 0x28c9464d6c0)
* Expire in 0 ms for 1 (transfer 0x28c9464d6c0)
* Expire in 0 ms for 1 (transfer 0x28c9464d6c0)
* Expire in 2 ms for 1 (transfer 0x28c9464d6c0)
* Expire in 0 ms for 1 (transfer 0x28c9464d6c0)
* Expire in 0 ms for 1 (transfer 0x28c9464d6c0)
* Expire in 2 ms for 1 (transfer 0x28c9464d6c0)
* Expire in 0 ms for 1 (transfer 0x28c9464d6c0)
* Expire in 0 ms for 1 (transfer 0x28c9464d6c0)
* Expire in 2 ms for 1 (transfer 0x28c9464d6c0)
* Expire in 0 ms for 1 (transfer 0x28c9464d6c0)
* Expire in 0 ms for 1 (transfer 0x28c9464d6c0)
* Expire in 2 ms for 1 (transfer 0x28c9464d6c0)
* Expire in 0 ms for 1 (transfer 0x28c9464d6c0)
* Expire in 0 ms for 1 (transfer 0x28c9464d6c0)
* Expire in 2 ms for 1 (transfer 0x28c9464d6c0)
* Expire in 0 ms for 1 (transfer 0x28c9464d6c0)
* Expire in 0 ms for 1 (transfer 0x28c9464d6c0)
* Expire in 2 ms for 1 (transfer 0x28c9464d6c0)
* Expire in 0 ms for 1 (transfer 0x28c9464d6c0)
* Expire in 0 ms for 1 (transfer 0x28c9464d6c0)
* Expire in 2 ms for 1 (transfer 0x28c9464d6c0)
* Expire in 0 ms for 1 (transfer 0x28c9464d6c0)
* Expire in 0 ms for 1 (transfer 0x28c9464d6c0)
* Expire in 2 ms for 1 (transfer 0x28c9464d6c0)
* Expire in 0 ms for 1 (transfer 0x28c9464d6c0)
* Expire in 0 ms for 1 (transfer 0x28c9464d6c0)
* Expire in 2 ms for 1 (transfer 0x28c9464d6c0)
* Expire in 0 ms for 1 (transfer 0x28c9464d6c0)
* Expire in 0 ms for 1 (transfer 0x28c9464d6c0)
* Expire in 2 ms for 1 (transfer 0x28c9464d6c0)
* Expire in 0 ms for 1 (transfer 0x28c9464d6c0)
* Expire in 0 ms for 1 (transfer 0x28c9464d6c0)
* Expire in 2 ms for 1 (transfer 0x28c9464d6c0)
* Expire in 0 ms for 1 (transfer 0x28c9464d6c0)
* Expire in 0 ms for 1 (transfer 0x28c9464d6c0)
* Expire in 2 ms for 1 (transfer 0x28c9464d6c0)
* Expire in 0 ms for 1 (transfer 0x28c9464d6c0)
* Expire in 0 ms for 1 (transfer 0x28c9464d6c0)
* Expire in 2 ms for 1 (transfer 0x28c9464d6c0)
* Expire in 0 ms for 1 (transfer 0x28c9464d6c0)
* Expire in 0 ms for 1 (transfer 0x28c9464d6c0)
* Expire in 2 ms for 1 (transfer 0x28c9464d6c0)
* Expire in 0 ms for 1 (transfer 0x28c9464d6c0)
* Expire in 0 ms for 1 (transfer 0x28c9464d6c0)
* Expire in 2 ms for 1 (transfer 0x28c9464d6c0)
* Expire in 0 ms for 1 (transfer 0x28c9464d6c0)
* Expire in 0 ms for 1 (transfer 0x28c9464d6c0)
* Expire in 2 ms for 1 (transfer 0x28c9464d6c0)
* Expire in 0 ms for 1 (transfer 0x28c9464d6c0)
* Expire in 0 ms for 1 (transfer 0x28c9464d6c0)
* Expire in 2 ms for 1 (transfer 0x28c9464d6c0)
* Expire in 0 ms for 1 (transfer 0x28c9464d6c0)
* Expire in 0 ms for 1 (transfer 0x28c9464d6c0)
* Expire in 2 ms for 1 (transfer 0x28c9464d6c0)
* Expire in 0 ms for 1 (transfer 0x28c9464d6c0)
* Expire in 0 ms for 1 (transfer 0x28c9464d6c0)
* Expire in 2 ms for 1 (transfer 0x28c9464d6c0)
* Expire in 0 ms for 1 (transfer 0x28c9464d6c0)
* Expire in 0 ms for 1 (transfer 0x28c9464d6c0)
* Expire in 2 ms for 1 (transfer 0x28c9464d6c0)
* Expire in 0 ms for 1 (transfer 0x28c9464d6c0)
* Expire in 0 ms for 1 (transfer 0x28c9464d6c0)
* Expire in 2 ms for 1 (transfer 0x28c9464d6c0)
* Expire in 0 ms for 1 (transfer 0x28c9464d6c0)
* Expire in 0 ms for 1 (transfer 0x28c9464d6c0)
* Expire in 2 ms for 1 (transfer 0x28c9464d6c0)
* Expire in 0 ms for 1 (transfer 0x28c9464d6c0)
* Expire in 0 ms for 1 (transfer 0x28c9464d6c0)
* Expire in 2 ms for 1 (transfer 0x28c9464d6c0)
* Expire in 0 ms for 1 (transfer 0x28c9464d6c0)
* Expire in 0 ms for 1 (transfer 0x28c9464d6c0)
* Expire in 2 ms for 1 (transfer 0x28c9464d6c0)
* Expire in 0 ms for 1 (transfer 0x28c9464d6c0)
* Expire in 0 ms for 1 (transfer 0x28c9464d6c0)
* Expire in 2 ms for 1 (transfer 0x28c9464d6c0)
* Expire in 0 ms for 1 (transfer 0x28c9464d6c0)
* Expire in 0 ms for 1 (transfer 0x28c9464d6c0)
* Expire in 2 ms for 1 (transfer 0x28c9464d6c0)
* Expire in 0 ms for 1 (transfer 0x28c9464d6c0)
* Expire in 0 ms for 1 (transfer 0x28c9464d6c0)
* Expire in 2 ms for 1 (transfer 0x28c9464d6c0)
* Expire in 0 ms for 1 (transfer 0x28c9464d6c0)
* Expire in 0 ms for 1 (transfer 0x28c9464d6c0)
* Expire in 2 ms for 1 (transfer 0x28c9464d6c0)
* Expire in 0 ms for 1 (transfer 0x28c9464d6c0)
* Expire in 0 ms for 1 (transfer 0x28c9464d6c0)
* Expire in 2 ms for 1 (transfer 0x28c9464d6c0)
* Expire in 0 ms for 1 (transfer 0x28c9464d6c0)
* Expire in 0 ms for 1 (transfer 0x28c9464d6c0)
* Expire in 2 ms for 1 (transfer 0x28c9464d6c0)
* Expire in 0 ms for 1 (transfer 0x28c9464d6c0)
* Expire in 0 ms for 1 (transfer 0x28c9464d6c0)
* Expire in 2 ms for 1 (transfer 0x28c9464d6c0)
* Expire in 0 ms for 1 (transfer 0x28c9464d6c0)
* Expire in 0 ms for 1 (transfer 0x28c9464d6c0)
* Expire in 2 ms for 1 (transfer 0x28c9464d6c0)
* Expire in 0 ms for 1 (transfer 0x28c9464d6c0)
* Expire in 0 ms for 1 (transfer 0x28c9464d6c0)
* Expire in 2 ms for 1 (transfer 0x28c9464d6c0)
* Expire in 0 ms for 1 (transfer 0x28c9464d6c0)
* Expire in 0 ms for 1 (transfer 0x28c9464d6c0)
* Expire in 2 ms for 1 (transfer 0x28c9464d6c0)
* Expire in 0 ms for 1 (transfer 0x28c9464d6c0)
* Expire in 0 ms for 1 (transfer 0x28c9464d6c0)
* Expire in 2 ms for 1 (transfer 0x28c9464d6c0)
* Expire in 0 ms for 1 (transfer 0x28c9464d6c0)
* Expire in 0 ms for 1 (transfer 0x28c9464d6c0)
* Expire in 2 ms for 1 (transfer 0x28c9464d6c0)
* Expire in 0 ms for 1 (transfer 0x28c9464d6c0)
* Expire in 0 ms for 1 (transfer 0x28c9464d6c0)
* Expire in 2 ms for 1 (transfer 0x28c9464d6c0)
* Expire in 0 ms for 1 (transfer 0x28c9464d6c0)
* Expire in 0 ms for 1 (transfer 0x28c9464d6c0)
* Expire in 2 ms for 1 (transfer 0x28c9464d6c0)
* Expire in 0 ms for 1 (transfer 0x28c9464d6c0)
* Expire in 0 ms for 1 (transfer 0x28c9464d6c0)
* Expire in 2 ms for 1 (transfer 0x28c9464d6c0)
* Expire in 0 ms for 1 (transfer 0x28c9464d6c0)
* Expire in 0 ms for 1 (transfer 0x28c9464d6c0)
* Expire in 2 ms for 1 (transfer 0x28c9464d6c0)
* Expire in 0 ms for 1 (transfer 0x28c9464d6c0)
* Expire in 0 ms for 1 (transfer 0x28c9464d6c0)
* Expire in 2 ms for 1 (transfer 0x28c9464d6c0)
* Expire in 0 ms for 1 (transfer 0x28c9464d6c0)
* Expire in 0 ms for 1 (transfer 0x28c9464d6c0)
* Expire in 2 ms for 1 (transfer 0x28c9464d6c0)
* Expire in 0 ms for 1 (transfer 0x28c9464d6c0)
* Expire in 0 ms for 1 (transfer 0x28c9464d6c0)
* Expire in 2 ms for 1 (transfer 0x28c9464d6c0)
* Expire in 0 ms for 1 (transfer 0x28c9464d6c0)
* Expire in 0 ms for 1 (transfer 0x28c9464d6c0)
* Expire in 2 ms for 1 (transfer 0x28c9464d6c0)
* Expire in 0 ms for 1 (transfer 0x28c9464d6c0)
* Expire in 0 ms for 1 (transfer 0x28c9464d6c0)
* Expire in 2 ms for 1 (transfer 0x28c9464d6c0)
* Expire in 0 ms for 1 (transfer 0x28c9464d6c0)
* Expire in 0 ms for 1 (transfer 0x28c9464d6c0)
* Expire in 2 ms for 1 (transfer 0x28c9464d6c0)
* Expire in 0 ms for 1 (transfer 0x28c9464d6c0)
* Expire in 0 ms for 1 (transfer 0x28c9464d6c0)
* Expire in 2 ms for 1 (transfer 0x28c9464d6c0)
* Expire in 0 ms for 1 (transfer 0x28c9464d6c0)
* Expire in 0 ms for 1 (transfer 0x28c9464d6c0)
* Expire in 2 ms for 1 (transfer 0x28c9464d6c0)
* Expire in 0 ms for 1 (transfer 0x28c9464d6c0)
* Expire in 0 ms for 1 (transfer 0x28c9464d6c0)
* Expire in 2 ms for 1 (transfer 0x28c9464d6c0)
* Expire in 0 ms for 1 (transfer 0x28c9464d6c0)
* Expire in 0 ms for 1 (transfer 0x28c9464d6c0)
* Expire in 2 ms for 1 (transfer 0x28c9464d6c0)
* Expire in 0 ms for 1 (transfer 0x28c9464d6c0)
* Expire in 0 ms for 1 (transfer 0x28c9464d6c0)
* Expire in 2 ms for 1 (transfer 0x28c9464d6c0)
* Expire in 0 ms for 1 (transfer 0x28c9464d6c0)
* Expire in 0 ms for 1 (transfer 0x28c9464d6c0)
* Expire in 2 ms for 1 (transfer 0x28c9464d6c0)
* Expire in 0 ms for 1 (transfer 0x28c9464d6c0)
* Expire in 0 ms for 1 (transfer 0x28c9464d6c0)
* Expire in 2 ms for 1 (transfer 0x28c9464d6c0)
* Expire in 0 ms for 1 (transfer 0x28c9464d6c0)
* Expire in 0 ms for 1 (transfer 0x28c9464d6c0)
* Expire in 2 ms for 1 (transfer 0x28c9464d6c0)
* Expire in 0 ms for 1 (transfer 0x28c9464d6c0)
* Expire in 0 ms for 1 (transfer 0x28c9464d6c0)
* Expire in 2 ms for 1 (transfer 0x28c9464d6c0)
* Expire in 0 ms for 1 (transfer 0x28c9464d6c0)
* Expire in 0 ms for 1 (transfer 0x28c9464d6c0)
* Expire in 2 ms for 1 (transfer 0x28c9464d6c0)
* Expire in 0 ms for 1 (transfer 0x28c9464d6c0)
* Expire in 0 ms for 1 (transfer 0x28c9464d6c0)
* Expire in 2 ms for 1 (transfer 0x28c9464d6c0)
* Expire in 0 ms for 1 (transfer 0x28c9464d6c0)
* Expire in 0 ms for 1 (transfer 0x28c9464d6c0)
* Expire in 2 ms for 1 (transfer 0x28c9464d6c0)
* Expire in 0 ms for 1 (transfer 0x28c9464d6c0)
* Expire in 0 ms for 1 (transfer 0x28c9464d6c0)
* Expire in 2 ms for 1 (transfer 0x28c9464d6c0)
* Expire in 0 ms for 1 (transfer 0x28c9464d6c0)
* Expire in 0 ms for 1 (transfer 0x28c9464d6c0)
* Expire in 2 ms for 1 (transfer 0x28c9464d6c0)
* Expire in 0 ms for 1 (transfer 0x28c9464d6c0)
* Expire in 0 ms for 1 (transfer 0x28c9464d6c0)
* Expire in 2 ms for 1 (transfer 0x28c9464d6c0)
* Expire in 0 ms for 1 (transfer 0x28c9464d6c0)
* Expire in 0 ms for 1 (transfer 0x28c9464d6c0)
* Expire in 2 ms for 1 (transfer 0x28c9464d6c0)
* Expire in 0 ms for 1 (transfer 0x28c9464d6c0)
* Expire in 0 ms for 1 (transfer 0x28c9464d6c0)
* Expire in 2 ms for 1 (transfer 0x28c9464d6c0)
* Expire in 0 ms for 1 (transfer 0x28c9464d6c0)
* Expire in 0 ms for 1 (transfer 0x28c9464d6c0)
* Expire in 2 ms for 1 (transfer 0x28c9464d6c0)
* Expire in 0 ms for 1 (transfer 0x28c9464d6c0)
* Expire in 0 ms for 1 (transfer 0x28c9464d6c0)
* Expire in 2 ms for 1 (transfer 0x28c9464d6c0)
* Expire in 0 ms for 1 (transfer 0x28c9464d6c0)
* Expire in 0 ms for 1 (transfer 0x28c9464d6c0)
* Expire in 2 ms for 1 (transfer 0x28c9464d6c0)
* Expire in 0 ms for 1 (transfer 0x28c9464d6c0)
* Expire in 0 ms for 1 (transfer 0x28c9464d6c0)
* Expire in 2 ms for 1 (transfer 0x28c9464d6c0)
* Expire in 0 ms for 1 (transfer 0x28c9464d6c0)
* Expire in 0 ms for 1 (transfer 0x28c9464d6c0)
* Expire in 2 ms for 1 (transfer 0x28c9464d6c0)
* Expire in 0 ms for 1 (transfer 0x28c9464d6c0)
* Expire in 0 ms for 1 (transfer 0x28c9464d6c0)
* Expire in 2 ms for 1 (transfer 0x28c9464d6c0)
* Expire in 0 ms for 1 (transfer 0x28c9464d6c0)
* Expire in 0 ms for 1 (transfer 0x28c9464d6c0)
* Expire in 2 ms for 1 (transfer 0x28c9464d6c0)
* Expire in 0 ms for 1 (transfer 0x28c9464d6c0)
* Expire in 0 ms for 1 (transfer 0x28c9464d6c0)
* Expire in 2 ms for 1 (transfer 0x28c9464d6c0)
* Expire in 0 ms for 1 (transfer 0x28c9464d6c0)
* Expire in 0 ms for 1 (transfer 0x28c9464d6c0)
* Expire in 2 ms for 1 (transfer 0x28c9464d6c0)
* Expire in 0 ms for 1 (transfer 0x28c9464d6c0)
* Expire in 0 ms for 1 (transfer 0x28c9464d6c0)
* Expire in 2 ms for 1 (transfer 0x28c9464d6c0)
* Expire in 0 ms for 1 (transfer 0x28c9464d6c0)
* Expire in 0 ms for 1 (transfer 0x28c9464d6c0)
* Expire in 2 ms for 1 (transfer 0x28c9464d6c0)
* Expire in 0 ms for 1 (transfer 0x28c9464d6c0)
* Expire in 0 ms for 1 (transfer 0x28c9464d6c0)
* Expire in 2 ms for 1 (transfer 0x28c9464d6c0)
* Expire in 0 ms for 1 (transfer 0x28c9464d6c0)
* Expire in 0 ms for 1 (transfer 0x28c9464d6c0)
* Expire in 2 ms for 1 (transfer 0x28c9464d6c0)
* Expire in 0 ms for 1 (transfer 0x28c9464d6c0)
* Expire in 0 ms for 1 (transfer 0x28c9464d6c0)
* Expire in 2 ms for 1 (transfer 0x28c9464d6c0)
* Expire in 0 ms for 1 (transfer 0x28c9464d6c0)
* Expire in 0 ms for 1 (transfer 0x28c9464d6c0)
* Expire in 2 ms for 1 (transfer 0x28c9464d6c0)
* Expire in 0 ms for 1 (transfer 0x28c9464d6c0)
* Expire in 0 ms for 1 (transfer 0x28c9464d6c0)
* Expire in 2 ms for 1 (transfer 0x28c9464d6c0)
* Expire in 0 ms for 1 (transfer 0x28c9464d6c0)
* Expire in 0 ms for 1 (transfer 0x28c9464d6c0)
* Expire in 2 ms for 1 (transfer 0x28c9464d6c0)
* Expire in 0 ms for 1 (transfer 0x28c9464d6c0)
* Expire in 0 ms for 1 (transfer 0x28c9464d6c0)
* Expire in 2 ms for 1 (transfer 0x28c9464d6c0)
* Expire in 0 ms for 1 (transfer 0x28c9464d6c0)
* Expire in 0 ms for 1 (transfer 0x28c9464d6c0)
* Expire in 2 ms for 1 (transfer 0x28c9464d6c0)
* Expire in 0 ms for 1 (transfer 0x28c9464d6c0)
* Expire in 0 ms for 1 (transfer 0x28c9464d6c0)
* Expire in 2 ms for 1 (transfer 0x28c9464d6c0)
* Expire in 0 ms for 1 (transfer 0x28c9464d6c0)
* Expire in 0 ms for 1 (transfer 0x28c9464d6c0)
* Expire in 2 ms for 1 (transfer 0x28c9464d6c0)
* Expire in 0 ms for 1 (transfer 0x28c9464d6c0)
* Expire in 0 ms for 1 (transfer 0x28c9464d6c0)
* Expire in 2 ms for 1 (transfer 0x28c9464d6c0)
* Expire in 0 ms for 1 (transfer 0x28c9464d6c0)
* Expire in 0 ms for 1 (transfer 0x28c9464d6c0)
* Expire in 2 ms for 1 (transfer 0x28c9464d6c0)
* Expire in 0 ms for 1 (transfer 0x28c9464d6c0)
* Expire in 0 ms for 1 (transfer 0x28c9464d6c0)
* Expire in 2 ms for 1 (transfer 0x28c9464d6c0)
* Expire in 0 ms for 1 (transfer 0x28c9464d6c0)
* Expire in 0 ms for 1 (transfer 0x28c9464d6c0)
* Expire in 2 ms for 1 (transfer 0x28c9464d6c0)
* Expire in 0 ms for 1 (transfer 0x28c9464d6c0)
* Expire in 0 ms for 1 (transfer 0x28c9464d6c0)
* Expire in 2 ms for 1 (transfer 0x28c9464d6c0)
* Expire in 0 ms for 1 (transfer 0x28c9464d6c0)
* Expire in 0 ms for 1 (transfer 0x28c9464d6c0)
* Expire in 2 ms for 1 (transfer 0x28c9464d6c0)
* Expire in 0 ms for 1 (transfer 0x28c9464d6c0)
* Expire in 0 ms for 1 (transfer 0x28c9464d6c0)
* Expire in 2 ms for 1 (transfer 0x28c9464d6c0)
* Expire in 0 ms for 1 (transfer 0x28c9464d6c0)
* Expire in 0 ms for 1 (transfer 0x28c9464d6c0)
* Expire in 2 ms for 1 (transfer 0x28c9464d6c0)
* Expire in 0 ms for 1 (transfer 0x28c9464d6c0)
* Expire in 0 ms for 1 (transfer 0x28c9464d6c0)
* Expire in 2 ms for 1 (transfer 0x28c9464d6c0)
* Expire in 0 ms for 1 (transfer 0x28c9464d6c0)
* Expire in 0 ms for 1 (transfer 0x28c9464d6c0)
* Expire in 2 ms for 1 (transfer 0x28c9464d6c0)
* Expire in 0 ms for 1 (transfer 0x28c9464d6c0)
* Expire in 0 ms for 1 (transfer 0x28c9464d6c0)
* Expire in 2 ms for 1 (transfer 0x28c9464d6c0)
* Expire in 0 ms for 1 (transfer 0x28c9464d6c0)
* Expire in 0 ms for 1 (transfer 0x28c9464d6c0)
* Expire in 2 ms for 1 (transfer 0x28c9464d6c0)
* Expire in 0 ms for 1 (transfer 0x28c9464d6c0)
* Expire in 0 ms for 1 (transfer 0x28c9464d6c0)
* Expire in 2 ms for 1 (transfer 0x28c9464d6c0)
* Expire in 0 ms for 1 (transfer 0x28c9464d6c0)
* Expire in 0 ms for 1 (transfer 0x28c9464d6c0)
* Expire in 2 ms for 1 (transfer 0x28c9464d6c0)
* Expire in 0 ms for 1 (transfer 0x28c9464d6c0)
* Expire in 0 ms for 1 (transfer 0x28c9464d6c0)
* Expire in 2 ms for 1 (transfer 0x28c9464d6c0)
* Expire in 0 ms for 1 (transfer 0x28c9464d6c0)
* Expire in 0 ms for 1 (transfer 0x28c9464d6c0)
* Expire in 2 ms for 1 (transfer 0x28c9464d6c0)
* Expire in 0 ms for 1 (transfer 0x28c9464d6c0)
* Expire in 0 ms for 1 (transfer 0x28c9464d6c0)
* Expire in 2 ms for 1 (transfer 0x28c9464d6c0)
* Expire in 0 ms for 1 (transfer 0x28c9464d6c0)
* Expire in 0 ms for 1 (transfer 0x28c9464d6c0)
* Expire in 2 ms for 1 (transfer 0x28c9464d6c0)
* Expire in 0 ms for 1 (transfer 0x28c9464d6c0)
* Expire in 0 ms for 1 (transfer 0x28c9464d6c0)
* Expire in 2 ms for 1 (transfer 0x28c9464d6c0)
* Expire in 0 ms for 1 (transfer 0x28c9464d6c0)
* Expire in 0 ms for 1 (transfer 0x28c9464d6c0)
* Expire in 2 ms for 1 (transfer 0x28c9464d6c0)
* Expire in 0 ms for 1 (transfer 0x28c9464d6c0)
* Expire in 0 ms for 1 (transfer 0x28c9464d6c0)
* Expire in 2 ms for 1 (transfer 0x28c9464d6c0)
* Expire in 0 ms for 1 (transfer 0x28c9464d6c0)
* Expire in 0 ms for 1 (transfer 0x28c9464d6c0)
* Expire in 2 ms for 1 (transfer 0x28c9464d6c0)
* Expire in 0 ms for 1 (transfer 0x28c9464d6c0)
* Expire in 0 ms for 1 (transfer 0x28c9464d6c0)
* Expire in 2 ms for 1 (transfer 0x28c9464d6c0)
* Expire in 0 ms for 1 (transfer 0x28c9464d6c0)
* Expire in 0 ms for 1 (transfer 0x28c9464d6c0)
* Expire in 2 ms for 1 (transfer 0x28c9464d6c0)
* Expire in 0 ms for 1 (transfer 0x28c9464d6c0)
* Expire in 0 ms for 1 (transfer 0x28c9464d6c0)
* Expire in 2 ms for 1 (transfer 0x28c9464d6c0)
* Expire in 0 ms for 1 (transfer 0x28c9464d6c0)
* Expire in 0 ms for 1 (transfer 0x28c9464d6c0)
* Expire in 2 ms for 1 (transfer 0x28c9464d6c0)
* Expire in 0 ms for 1 (transfer 0x28c9464d6c0)
* Expire in 0 ms for 1 (transfer 0x28c9464d6c0)
* Expire in 2 ms for 1 (transfer 0x28c9464d6c0)
* Expire in 0 ms for 1 (transfer 0x28c9464d6c0)
* Expire in 0 ms for 1 (transfer 0x28c9464d6c0)
* Expire in 2 ms for 1 (transfer 0x28c9464d6c0)
* Expire in 0 ms for 1 (transfer 0x28c9464d6c0)
* Expire in 0 ms for 1 (transfer 0x28c9464d6c0)
* Expire in 2 ms for 1 (transfer 0x28c9464d6c0)
* Expire in 0 ms for 1 (transfer 0x28c9464d6c0)
* Expire in 0 ms for 1 (transfer 0x28c9464d6c0)
* Expire in 2 ms for 1 (transfer 0x28c9464d6c0)
* Expire in 0 ms for 1 (transfer 0x28c9464d6c0)
* Expire in 0 ms for 1 (transfer 0x28c9464d6c0)
* Expire in 2 ms for 1 (transfer 0x28c9464d6c0)
* Expire in 0 ms for 1 (transfer 0x28c9464d6c0)
* Expire in 0 ms for 1 (transfer 0x28c9464d6c0)
* Expire in 2 ms for 1 (transfer 0x28c9464d6c0)
* Expire in 0 ms for 1 (transfer 0x28c9464d6c0)
* Expire in 0 ms for 1 (transfer 0x28c9464d6c0)
* Expire in 2 ms for 1 (transfer 0x28c9464d6c0)
* Expire in 0 ms for 1 (transfer 0x28c9464d6c0)
* Expire in 0 ms for 1 (transfer 0x28c9464d6c0)
* Expire in 2 ms for 1 (transfer 0x28c9464d6c0)
* Expire in 0 ms for 1 (transfer 0x28c9464d6c0)
* Expire in 0 ms for 1 (transfer 0x28c9464d6c0)
* Expire in 2 ms for 1 (transfer 0x28c9464d6c0)
* Expire in 0 ms for 1 (transfer 0x28c9464d6c0)
* Expire in 0 ms for 1 (transfer 0x28c9464d6c0)
* Expire in 2 ms for 1 (transfer 0x28c9464d6c0)
* Expire in 0 ms for 1 (transfer 0x28c9464d6c0)
* Expire in 0 ms for 1 (transfer 0x28c9464d6c0)
* Expire in 2 ms for 1 (transfer 0x28c9464d6c0)
* Expire in 0 ms for 1 (transfer 0x28c9464d6c0)
* Expire in 0 ms for 1 (transfer 0x28c9464d6c0)
* Expire in 2 ms for 1 (transfer 0x28c9464d6c0)
* Expire in 0 ms for 1 (transfer 0x28c9464d6c0)
* Expire in 0 ms for 1 (transfer 0x28c9464d6c0)
* Expire in 2 ms for 1 (transfer 0x28c9464d6c0)
* Expire in 0 ms for 1 (transfer 0x28c9464d6c0)
* Expire in 0 ms for 1 (transfer 0x28c9464d6c0)
* Expire in 2 ms for 1 (transfer 0x28c9464d6c0)
* Expire in 0 ms for 1 (transfer 0x28c9464d6c0)
* Expire in 0 ms for 1 (transfer 0x28c9464d6c0)
* Expire in 2 ms for 1 (transfer 0x28c9464d6c0)
* Expire in 0 ms for 1 (transfer 0x28c9464d6c0)
* Expire in 0 ms for 1 (transfer 0x28c9464d6c0)
* Expire in 2 ms for 1 (transfer 0x28c9464d6c0)
* Expire in 0 ms for 1 (transfer 0x28c9464d6c0)
* Expire in 0 ms for 1 (transfer 0x28c9464d6c0)
* Expire in 2 ms for 1 (transfer 0x28c9464d6c0)
* Expire in 0 ms for 1 (transfer 0x28c9464d6c0)
* Expire in 0 ms for 1 (transfer 0x28c9464d6c0)
* Expire in 2 ms for 1 (transfer 0x28c9464d6c0)
* Expire in 0 ms for 1 (transfer 0x28c9464d6c0)
* Expire in 0 ms for 1 (transfer 0x28c9464d6c0)
* Expire in 2 ms for 1 (transfer 0x28c9464d6c0)
* Expire in 0 ms for 1 (transfer 0x28c9464d6c0)
* Expire in 0 ms for 1 (transfer 0x28c9464d6c0)
* Expire in 2 ms for 1 (transfer 0x28c9464d6c0)
* Expire in 0 ms for 1 (transfer 0x28c9464d6c0)
* Expire in 0 ms for 1 (transfer 0x28c9464d6c0)
* Expire in 2 ms for 1 (transfer 0x28c9464d6c0)
* Expire in 0 ms for 1 (transfer 0x28c9464d6c0)
* Expire in 0 ms for 1 (transfer 0x28c9464d6c0)
* Expire in 2 ms for 1 (transfer 0x28c9464d6c0)
* Expire in 0 ms for 1 (transfer 0x28c9464d6c0)
* Expire in 0 ms for 1 (transfer 0x28c9464d6c0)
* Expire in 2 ms for 1 (transfer 0x28c9464d6c0)
* Expire in 0 ms for 1 (transfer 0x28c9464d6c0)
* Expire in 0 ms for 1 (transfer 0x28c9464d6c0)
* Expire in 2 ms for 1 (transfer 0x28c9464d6c0)
* Expire in 0 ms for 1 (transfer 0x28c9464d6c0)
* Expire in 0 ms for 1 (transfer 0x28c9464d6c0)
* Expire in 2 ms for 1 (transfer 0x28c9464d6c0)
* Expire in 0 ms for 1 (transfer 0x28c9464d6c0)
* Expire in 0 ms for 1 (transfer 0x28c9464d6c0)
* Expire in 2 ms for 1 (transfer 0x28c9464d6c0)
* Expire in 0 ms for 1 (transfer 0x28c9464d6c0)
* Expire in 0 ms for 1 (transfer 0x28c9464d6c0)
* Expire in 2 ms for 1 (transfer 0x28c9464d6c0)
* Expire in 0 ms for 1 (transfer 0x28c9464d6c0)
* Expire in 0 ms for 1 (transfer 0x28c9464d6c0)
* Expire in 2 ms for 1 (transfer 0x28c9464d6c0)
* Expire in 0 ms for 1 (transfer 0x28c9464d6c0)
* Expire in 0 ms for 1 (transfer 0x28c9464d6c0)
* Expire in 2 ms for 1 (transfer 0x28c9464d6c0)
* Expire in 0 ms for 1 (transfer 0x28c9464d6c0)
* Expire in 0 ms for 1 (transfer 0x28c9464d6c0)
* Expire in 2 ms for 1 (transfer 0x28c9464d6c0)
* Expire in 0 ms for 1 (transfer 0x28c9464d6c0)
* Expire in 0 ms for 1 (transfer 0x28c9464d6c0)
* Expire in 2 ms for 1 (transfer 0x28c9464d6c0)
* Expire in 0 ms for 1 (transfer 0x28c9464d6c0)
* Expire in 0 ms for 1 (transfer 0x28c9464d6c0)
* Expire in 2 ms for 1 (transfer 0x28c9464d6c0)
* Expire in 0 ms for 1 (transfer 0x28c9464d6c0)
* Expire in 0 ms for 1 (transfer 0x28c9464d6c0)
* Expire in 2 ms for 1 (transfer 0x28c9464d6c0)
* Expire in 0 ms for 1 (transfer 0x28c9464d6c0)
* Expire in 0 ms for 1 (transfer 0x28c9464d6c0)
* Expire in 2 ms for 1 (transfer 0x28c9464d6c0)
* Expire in 0 ms for 1 (transfer 0x28c9464d6c0)
* Expire in 0 ms for 1 (transfer 0x28c9464d6c0)
* Expire in 2 ms for 1 (transfer 0x28c9464d6c0)
* Expire in 0 ms for 1 (transfer 0x28c9464d6c0)
* Expire in 0 ms for 1 (transfer 0x28c9464d6c0)
* Expire in 2 ms for 1 (transfer 0x28c9464d6c0)
* Expire in 0 ms for 1 (transfer 0x28c9464d6c0)
* Expire in 0 ms for 1 (transfer 0x28c9464d6c0)
* Expire in 2 ms for 1 (transfer 0x28c9464d6c0)
* Expire in 0 ms for 1 (transfer 0x28c9464d6c0)
* Expire in 0 ms for 1 (transfer 0x28c9464d6c0)
* Expire in 2 ms for 1 (transfer 0x28c9464d6c0)
* Expire in 0 ms for 1 (transfer 0x28c9464d6c0)
* Expire in 0 ms for 1 (transfer 0x28c9464d6c0)
* Expire in 2 ms for 1 (transfer 0x28c9464d6c0)
* Expire in 0 ms for 1 (transfer 0x28c9464d6c0)
* Expire in 0 ms for 1 (transfer 0x28c9464d6c0)
* Expire in 2 ms for 1 (transfer 0x28c9464d6c0)
* Expire in 0 ms for 1 (transfer 0x28c9464d6c0)
* Expire in 0 ms for 1 (transfer 0x28c9464d6c0)
* Expire in 2 ms for 1 (transfer 0x28c9464d6c0)
* Expire in 0 ms for 1 (transfer 0x28c9464d6c0)
* Expire in 0 ms for 1 (transfer 0x28c9464d6c0)
* Expire in 2 ms for 1 (transfer 0x28c9464d6c0)
* Expire in 0 ms for 1 (transfer 0x28c9464d6c0)
* Expire in 0 ms for 1 (transfer 0x28c9464d6c0)
* Expire in 2 ms for 1 (transfer 0x28c9464d6c0)
* Expire in 0 ms for 1 (transfer 0x28c9464d6c0)
* Expire in 0 ms for 1 (transfer 0x28c9464d6c0)
* Expire in 2 ms for 1 (transfer 0x28c9464d6c0)
* Expire in 0 ms for 1 (transfer 0x28c9464d6c0)
* Expire in 0 ms for 1 (transfer 0x28c9464d6c0)
* Expire in 2 ms for 1 (transfer 0x28c9464d6c0)
* Expire in 0 ms for 1 (transfer 0x28c9464d6c0)
* Expire in 0 ms for 1 (transfer 0x28c9464d6c0)
* Expire in 2 ms for 1 (transfer 0x28c9464d6c0)
* Expire in 0 ms for 1 (transfer 0x28c9464d6c0)
* Expire in 0 ms for 1 (transfer 0x28c9464d6c0)
* Expire in 2 ms for 1 (transfer 0x28c9464d6c0)
* Expire in 0 ms for 1 (transfer 0x28c9464d6c0)
* Expire in 0 ms for 1 (transfer 0x28c9464d6c0)
* Expire in 2 ms for 1 (transfer 0x28c9464d6c0)
* Expire in 0 ms for 1 (transfer 0x28c9464d6c0)
* Expire in 0 ms for 1 (transfer 0x28c9464d6c0)
* Expire in 2 ms for 1 (transfer 0x28c9464d6c0)
* Expire in 0 ms for 1 (transfer 0x28c9464d6c0)
* Expire in 0 ms for 1 (transfer 0x28c9464d6c0)
* Expire in 2 ms for 1 (transfer 0x28c9464d6c0)
* Expire in 0 ms for 1 (transfer 0x28c9464d6c0)
* Expire in 0 ms for 1 (transfer 0x28c9464d6c0)
* Expire in 2 ms for 1 (transfer 0x28c9464d6c0)
* Expire in 0 ms for 1 (transfer 0x28c9464d6c0)
* Expire in 0 ms for 1 (transfer 0x28c9464d6c0)
* Expire in 2 ms for 1 (transfer 0x28c9464d6c0)
* Expire in 0 ms for 1 (transfer 0x28c9464d6c0)
* Expire in 0 ms for 1 (transfer 0x28c9464d6c0)
* Expire in 2 ms for 1 (transfer 0x28c9464d6c0)
* Expire in 0 ms for 1 (transfer 0x28c9464d6c0)
* Expire in 0 ms for 1 (transfer 0x28c9464d6c0)
* Expire in 2 ms for 1 (transfer 0x28c9464d6c0)
* Expire in 0 ms for 1 (transfer 0x28c9464d6c0)
* Expire in 0 ms for 1 (transfer 0x28c9464d6c0)
* Expire in 2 ms for 1 (transfer 0x28c9464d6c0)
* Expire in 0 ms for 1 (transfer 0x28c9464d6c0)
* Expire in 0 ms for 1 (transfer 0x28c9464d6c0)
* Expire in 2 ms for 1 (transfer 0x28c9464d6c0)
* Expire in 0 ms for 1 (transfer 0x28c9464d6c0)
* Expire in 0 ms for 1 (transfer 0x28c9464d6c0)
* Expire in 2 ms for 1 (transfer 0x28c9464d6c0)
* Expire in 0 ms for 1 (transfer 0x28c9464d6c0)
* Expire in 0 ms for 1 (transfer 0x28c9464d6c0)
* Expire in 2 ms for 1 (transfer 0x28c9464d6c0)
* Expire in 0 ms for 1 (transfer 0x28c9464d6c0)
* Expire in 0 ms for 1 (transfer 0x28c9464d6c0)
* Expire in 2 ms for 1 (transfer 0x28c9464d6c0)
* Expire in 0 ms for 1 (transfer 0x28c9464d6c0)
* Expire in 0 ms for 1 (transfer 0x28c9464d6c0)
* Expire in 2 ms for 1 (transfer 0x28c9464d6c0)
* Expire in 0 ms for 1 (transfer 0x28c9464d6c0)
* Expire in 0 ms for 1 (transfer 0x28c9464d6c0)
* Expire in 2 ms for 1 (transfer 0x28c9464d6c0)
* Expire in 0 ms for 1 (transfer 0x28c9464d6c0)
* Expire in 0 ms for 1 (transfer 0x28c9464d6c0)
* Expire in 2 ms for 1 (transfer 0x28c9464d6c0)
* Expire in 0 ms for 1 (transfer 0x28c9464d6c0)
* Expire in 0 ms for 1 (transfer 0x28c9464d6c0)
* Expire in 2 ms for 1 (transfer 0x28c9464d6c0)
* Expire in 0 ms for 1 (transfer 0x28c9464d6c0)
* Expire in 0 ms for 1 (transfer 0x28c9464d6c0)
* Expire in 2 ms for 1 (transfer 0x28c9464d6c0)
* Expire in 0 ms for 1 (transfer 0x28c9464d6c0)
* Expire in 0 ms for 1 (transfer 0x28c9464d6c0)
* Expire in 2 ms for 1 (transfer 0x28c9464d6c0)
* Expire in 0 ms for 1 (transfer 0x28c9464d6c0)
* Expire in 0 ms for 1 (transfer 0x28c9464d6c0)
* Expire in 2 ms for 1 (transfer 0x28c9464d6c0)
* Expire in 0 ms for 1 (transfer 0x28c9464d6c0)
* Expire in 0 ms for 1 (transfer 0x28c9464d6c0)
* Expire in 2 ms for 1 (transfer 0x28c9464d6c0)
* Expire in 0 ms for 1 (transfer 0x28c9464d6c0)
* Expire in 0 ms for 1 (transfer 0x28c9464d6c0)
* Expire in 2 ms for 1 (transfer 0x28c9464d6c0)
* Expire in 0 ms for 1 (transfer 0x28c9464d6c0)
* Expire in 0 ms for 1 (transfer 0x28c9464d6c0)
* Expire in 2 ms for 1 (transfer 0x28c9464d6c0)
* Expire in 0 ms for 1 (transfer 0x28c9464d6c0)
* Expire in 0 ms for 1 (transfer 0x28c9464d6c0)
* Expire in 2 ms for 1 (transfer 0x28c9464d6c0)
* Expire in 0 ms for 1 (transfer 0x28c9464d6c0)
* Expire in 0 ms for 1 (transfer 0x28c9464d6c0)
* Expire in 2 ms for 1 (transfer 0x28c9464d6c0)
* Expire in 0 ms for 1 (transfer 0x28c9464d6c0)
* Expire in 0 ms for 1 (transfer 0x28c9464d6c0)
* Expire in 2 ms for 1 (transfer 0x28c9464d6c0)
* Expire in 0 ms for 1 (transfer 0x28c9464d6c0)
* Expire in 0 ms for 1 (transfer 0x28c9464d6c0)
* Expire in 2 ms for 1 (transfer 0x28c9464d6c0)
* Expire in 0 ms for 1 (transfer 0x28c9464d6c0)
* Expire in 0 ms for 1 (transfer 0x28c9464d6c0)
* Expire in 2 ms for 1 (transfer 0x28c9464d6c0)
* Expire in 0 ms for 1 (transfer 0x28c9464d6c0)
* Expire in 0 ms for 1 (transfer 0x28c9464d6c0)
* Expire in 2 ms for 1 (transfer 0x28c9464d6c0)
* Expire in 0 ms for 1 (transfer 0x28c9464d6c0)
* Expire in 0 ms for 1 (transfer 0x28c9464d6c0)
* Expire in 2 ms for 1 (transfer 0x28c9464d6c0)
* Expire in 0 ms for 1 (transfer 0x28c9464d6c0)
* Expire in 0 ms for 1 (transfer 0x28c9464d6c0)
* Expire in 2 ms for 1 (transfer 0x28c9464d6c0)
* Expire in 0 ms for 1 (transfer 0x28c9464d6c0)
* Expire in 0 ms for 1 (transfer 0x28c9464d6c0)
* Expire in 2 ms for 1 (transfer 0x28c9464d6c0)
* Expire in 0 ms for 1 (transfer 0x28c9464d6c0)
* Expire in 0 ms for 1 (transfer 0x28c9464d6c0)
* Expire in 2 ms for 1 (transfer 0x28c9464d6c0)
* Expire in 0 ms for 1 (transfer 0x28c9464d6c0)
* Expire in 0 ms for 1 (transfer 0x28c9464d6c0)
* Expire in 2 ms for 1 (transfer 0x28c9464d6c0)
* Expire in 0 ms for 1 (transfer 0x28c9464d6c0)
* Expire in 0 ms for 1 (transfer 0x28c9464d6c0)
* Expire in 2 ms for 1 (transfer 0x28c9464d6c0)
* Expire in 0 ms for 1 (transfer 0x28c9464d6c0)
* Expire in 0 ms for 1 (transfer 0x28c9464d6c0)
* Expire in 2 ms for 1 (transfer 0x28c9464d6c0)
* Expire in 0 ms for 1 (transfer 0x28c9464d6c0)
* Expire in 0 ms for 1 (transfer 0x28c9464d6c0)
* Expire in 2 ms for 1 (transfer 0x28c9464d6c0)
* Expire in 0 ms for 1 (transfer 0x28c9464d6c0)
* Expire in 0 ms for 1 (transfer 0x28c9464d6c0)
* Expire in 2 ms for 1 (transfer 0x28c9464d6c0)
* Expire in 0 ms for 1 (transfer 0x28c9464d6c0)
* Expire in 0 ms for 1 (transfer 0x28c9464d6c0)
* Expire in 2 ms for 1 (transfer 0x28c9464d6c0)
* Expire in 0 ms for 1 (transfer 0x28c9464d6c0)
* Expire in 0 ms for 1 (transfer 0x28c9464d6c0)
* Expire in 2 ms for 1 (transfer 0x28c9464d6c0)
* Expire in 0 ms for 1 (transfer 0x28c9464d6c0)
* Expire in 0 ms for 1 (transfer 0x28c9464d6c0)
* Expire in 2 ms for 1 (transfer 0x28c9464d6c0)
* Expire in 0 ms for 1 (transfer 0x28c9464d6c0)
* Expire in 0 ms for 1 (transfer 0x28c9464d6c0)
* Expire in 2 ms for 1 (transfer 0x28c9464d6c0)
* Expire in 0 ms for 1 (transfer 0x28c9464d6c0)
* Expire in 0 ms for 1 (transfer 0x28c9464d6c0)
* Expire in 2 ms for 1 (transfer 0x28c9464d6c0)
* Expire in 0 ms for 1 (transfer 0x28c9464d6c0)
* Expire in 0 ms for 1 (transfer 0x28c9464d6c0)
* Expire in 2 ms for 1 (transfer 0x28c9464d6c0)
* Expire in 0 ms for 1 (transfer 0x28c9464d6c0)
* Expire in 0 ms for 1 (transfer 0x28c9464d6c0)
* Expire in 2 ms for 1 (transfer 0x28c9464d6c0)
* Expire in 0 ms for 1 (transfer 0x28c9464d6c0)
* Expire in 0 ms for 1 (transfer 0x28c9464d6c0)
* Expire in 2 ms for 1 (transfer 0x28c9464d6c0)
* Expire in 0 ms for 1 (transfer 0x28c9464d6c0)
* Expire in 0 ms for 1 (transfer 0x28c9464d6c0)
* Expire in 2 ms for 1 (transfer 0x28c9464d6c0)
* Expire in 0 ms for 1 (transfer 0x28c9464d6c0)
* Expire in 0 ms for 1 (transfer 0x28c9464d6c0)
* Expire in 2 ms for 1 (transfer 0x28c9464d6c0)
* Expire in 0 ms for 1 (transfer 0x28c9464d6c0)
* Expire in 0 ms for 1 (transfer 0x28c9464d6c0)
* Expire in 2 ms for 1 (transfer 0x28c9464d6c0)
* Expire in 0 ms for 1 (transfer 0x28c9464d6c0)
* Expire in 0 ms for 1 (transfer 0x28c9464d6c0)
* Expire in 2 ms for 1 (transfer 0x28c9464d6c0)
* Expire in 0 ms for 1 (transfer 0x28c9464d6c0)
* Expire in 0 ms for 1 (transfer 0x28c9464d6c0)
* Expire in 2 ms for 1 (transfer 0x28c9464d6c0)
* Expire in 0 ms for 1 (transfer 0x28c9464d6c0)
* Expire in 0 ms for 1 (transfer 0x28c9464d6c0)
* Expire in 2 ms for 1 (transfer 0x28c9464d6c0)
* Expire in 0 ms for 1 (transfer 0x28c9464d6c0)
* Expire in 0 ms for 1 (transfer 0x28c9464d6c0)
* Expire in 2 ms for 1 (transfer 0x28c9464d6c0)
* Expire in 0 ms for 1 (transfer 0x28c9464d6c0)
* Expire in 0 ms for 1 (transfer 0x28c9464d6c0)
* Expire in 2 ms for 1 (transfer 0x28c9464d6c0)
* Expire in 0 ms for 1 (transfer 0x28c9464d6c0)
* Expire in 0 ms for 1 (transfer 0x28c9464d6c0)
* Expire in 2 ms for 1 (transfer 0x28c9464d6c0)
* Expire in 0 ms for 1 (transfer 0x28c9464d6c0)
* Expire in 0 ms for 1 (transfer 0x28c9464d6c0)
* Expire in 2 ms for 1 (transfer 0x28c9464d6c0)
* Expire in 0 ms for 1 (transfer 0x28c9464d6c0)
* Expire in 0 ms for 1 (transfer 0x28c9464d6c0)
* Expire in 2 ms for 1 (transfer 0x28c9464d6c0)
* Expire in 0 ms for 1 (transfer 0x28c9464d6c0)
* Expire in 0 ms for 1 (transfer 0x28c9464d6c0)
* Expire in 2 ms for 1 (transfer 0x28c9464d6c0)
* Expire in 0 ms for 1 (transfer 0x28c9464d6c0)
* Expire in 0 ms for 1 (transfer 0x28c9464d6c0)
* Expire in 2 ms for 1 (transfer 0x28c9464d6c0)
* Expire in 0 ms for 1 (transfer 0x28c9464d6c0)
* Expire in 0 ms for 1 (transfer 0x28c9464d6c0)
* Expire in 2 ms for 1 (transfer 0x28c9464d6c0)
* Expire in 0 ms for 1 (transfer 0x28c9464d6c0)
* Expire in 0 ms for 1 (transfer 0x28c9464d6c0)
* Expire in 2 ms for 1 (transfer 0x28c9464d6c0)
* Expire in 0 ms for 1 (transfer 0x28c9464d6c0)
* Expire in 0 ms for 1 (transfer 0x28c9464d6c0)
* Expire in 2 ms for 1 (transfer 0x28c9464d6c0)
* Expire in 0 ms for 1 (transfer 0x28c9464d6c0)
* Expire in 0 ms for 1 (transfer 0x28c9464d6c0)
* Expire in 2 ms for 1 (transfer 0x28c9464d6c0)
* Expire in 0 ms for 1 (transfer 0x28c9464d6c0)
* Expire in 0 ms for 1 (transfer 0x28c9464d6c0)
* Expire in 2 ms for 1 (transfer 0x28c9464d6c0)
* Expire in 0 ms for 1 (transfer 0x28c9464d6c0)
* Expire in 0 ms for 1 (transfer 0x28c9464d6c0)
* Expire in 2 ms for 1 (transfer 0x28c9464d6c0)
* Expire in 0 ms for 1 (transfer 0x28c9464d6c0)
* Expire in 0 ms for 1 (transfer 0x28c9464d6c0)
* Expire in 2 ms for 1 (transfer 0x28c9464d6c0)
* Expire in 0 ms for 1 (transfer 0x28c9464d6c0)
* Expire in 0 ms for 1 (transfer 0x28c9464d6c0)
* Expire in 2 ms for 1 (transfer 0x28c9464d6c0)
* Expire in 0 ms for 1 (transfer 0x28c9464d6c0)
* Expire in 0 ms for 1 (transfer 0x28c9464d6c0)
* Expire in 2 ms for 1 (transfer 0x28c9464d6c0)
* Expire in 0 ms for 1 (transfer 0x28c9464d6c0)
* Expire in 0 ms for 1 (transfer 0x28c9464d6c0)
* Expire in 2 ms for 1 (transfer 0x28c9464d6c0)
* Expire in 0 ms for 1 (transfer 0x28c9464d6c0)
* Expire in 0 ms for 1 (transfer 0x28c9464d6c0)
* Expire in 2 ms for 1 (transfer 0x28c9464d6c0)
* Expire in 0 ms for 1 (transfer 0x28c9464d6c0)
* Expire in 0 ms for 1 (transfer 0x28c9464d6c0)
* Expire in 2 ms for 1 (transfer 0x28c9464d6c0)
* Expire in 0 ms for 1 (transfer 0x28c9464d6c0)
* Expire in 0 ms for 1 (transfer 0x28c9464d6c0)
* Expire in 2 ms for 1 (transfer 0x28c9464d6c0)
* Expire in 0 ms for 1 (transfer 0x28c9464d6c0)
* Expire in 0 ms for 1 (transfer 0x28c9464d6c0)
* Expire in 2 ms for 1 (transfer 0x28c9464d6c0)
* Expire in 0 ms for 1 (transfer 0x28c9464d6c0)
* Expire in 0 ms for 1 (transfer 0x28c9464d6c0)
* Expire in 2 ms for 1 (transfer 0x28c9464d6c0)
* Expire in 0 ms for 1 (transfer 0x28c9464d6c0)
* Expire in 0 ms for 1 (transfer 0x28c9464d6c0)
* Expire in 2 ms for 1 (transfer 0x28c9464d6c0)
* Expire in 0 ms for 1 (transfer 0x28c9464d6c0)
* Expire in 0 ms for 1 (transfer 0x28c9464d6c0)
* Expire in 2 ms for 1 (transfer 0x28c9464d6c0)
* Expire in 0 ms for 1 (transfer 0x28c9464d6c0)
* Expire in 0 ms for 1 (transfer 0x28c9464d6c0)
* Expire in 2 ms for 1 (transfer 0x28c9464d6c0)
* Expire in 0 ms for 1 (transfer 0x28c9464d6c0)
* Expire in 0 ms for 1 (transfer 0x28c9464d6c0)
* Expire in 2 ms for 1 (transfer 0x28c9464d6c0)
* Expire in 0 ms for 1 (transfer 0x28c9464d6c0)
* Expire in 0 ms for 1 (transfer 0x28c9464d6c0)
* Expire in 2 ms for 1 (transfer 0x28c9464d6c0)
* Expire in 0 ms for 1 (transfer 0x28c9464d6c0)
* Expire in 0 ms for 1 (transfer 0x28c9464d6c0)
* Expire in 2 ms for 1 (transfer 0x28c9464d6c0)
* Expire in 0 ms for 1 (transfer 0x28c9464d6c0)
* Expire in 0 ms for 1 (transfer 0x28c9464d6c0)
* Expire in 2 ms for 1 (transfer 0x28c9464d6c0)
* Expire in 0 ms for 1 (transfer 0x28c9464d6c0)
* Expire in 0 ms for 1 (transfer 0x28c9464d6c0)
* Expire in 2 ms for 1 (transfer 0x28c9464d6c0)
* Expire in 0 ms for 1 (transfer 0x28c9464d6c0)
* Expire in 0 ms for 1 (transfer 0x28c9464d6c0)
* Expire in 2 ms for 1 (transfer 0x28c9464d6c0)
* Expire in 0 ms for 1 (transfer 0x28c9464d6c0)
* Expire in 0 ms for 1 (transfer 0x28c9464d6c0)
* Expire in 2 ms for 1 (transfer 0x28c9464d6c0)
* Expire in 0 ms for 1 (transfer 0x28c9464d6c0)
* Expire in 0 ms for 1 (transfer 0x28c9464d6c0)
* Expire in 2 ms for 1 (transfer 0x28c9464d6c0)
* Expire in 0 ms for 1 (transfer 0x28c9464d6c0)
* Expire in 0 ms for 1 (transfer 0x28c9464d6c0)
* Expire in 2 ms for 1 (transfer 0x28c9464d6c0)
* Expire in 0 ms for 1 (transfer 0x28c9464d6c0)
* Expire in 0 ms for 1 (transfer 0x28c9464d6c0)
* Expire in 2 ms for 1 (transfer 0x28c9464d6c0)
* Expire in 0 ms for 1 (transfer 0x28c9464d6c0)
* Expire in 0 ms for 1 (transfer 0x28c9464d6c0)
* Expire in 2 ms for 1 (transfer 0x28c9464d6c0)
* Expire in 0 ms for 1 (transfer 0x28c9464d6c0)
* Expire in 0 ms for 1 (transfer 0x28c9464d6c0)
* Expire in 2 ms for 1 (transfer 0x28c9464d6c0)
* Expire in 0 ms for 1 (transfer 0x28c9464d6c0)
* Expire in 0 ms for 1 (transfer 0x28c9464d6c0)
* Expire in 2 ms for 1 (transfer 0x28c9464d6c0)
* Expire in 0 ms for 1 (transfer 0x28c9464d6c0)
* Expire in 0 ms for 1 (transfer 0x28c9464d6c0)
* Expire in 2 ms for 1 (transfer 0x28c9464d6c0)
* Expire in 0 ms for 1 (transfer 0x28c9464d6c0)
* Expire in 0 ms for 1 (transfer 0x28c9464d6c0)
* Expire in 2 ms for 1 (transfer 0x28c9464d6c0)
* Expire in 0 ms for 1 (transfer 0x28c9464d6c0)
* Expire in 0 ms for 1 (transfer 0x28c9464d6c0)
* Expire in 2 ms for 1 (transfer 0x28c9464d6c0)
* Expire in 0 ms for 1 (transfer 0x28c9464d6c0)
* Expire in 0 ms for 1 (transfer 0x28c9464d6c0)
* Expire in 2 ms for 1 (transfer 0x28c9464d6c0)
* Expire in 0 ms for 1 (transfer 0x28c9464d6c0)
* Expire in 0 ms for 1 (transfer 0x28c9464d6c0)
* Expire in 2 ms for 1 (transfer 0x28c9464d6c0)
* Expire in 0 ms for 1 (transfer 0x28c9464d6c0)
* Expire in 0 ms for 1 (transfer 0x28c9464d6c0)
* Expire in 2 ms for 1 (transfer 0x28c9464d6c0)
* Expire in 0 ms for 1 (transfer 0x28c9464d6c0)
* Expire in 0 ms for 1 (transfer 0x28c9464d6c0)
* Expire in 2 ms for 1 (transfer 0x28c9464d6c0)
* Expire in 0 ms for 1 (transfer 0x28c9464d6c0)
* Expire in 0 ms for 1 (transfer 0x28c9464d6c0)
* Expire in 2 ms for 1 (transfer 0x28c9464d6c0)
* Expire in 0 ms for 1 (transfer 0x28c9464d6c0)
* Expire in 0 ms for 1 (transfer 0x28c9464d6c0)
* Expire in 2 ms for 1 (transfer 0x28c9464d6c0)
* Expire in 0 ms for 1 (transfer 0x28c9464d6c0)
* Expire in 0 ms for 1 (transfer 0x28c9464d6c0)
* Expire in 2 ms for 1 (transfer 0x28c9464d6c0)
* Expire in 0 ms for 1 (transfer 0x28c9464d6c0)
* Expire in 0 ms for 1 (transfer 0x28c9464d6c0)
* Expire in 2 ms for 1 (transfer 0x28c9464d6c0)
* Expire in 0 ms for 1 (transfer 0x28c9464d6c0)
* Expire in 0 ms for 1 (transfer 0x28c9464d6c0)
* Expire in 2 ms for 1 (transfer 0x28c9464d6c0)
* Expire in 0 ms for 1 (transfer 0x28c9464d6c0)
* Expire in 0 ms for 1 (transfer 0x28c9464d6c0)
* Expire in 2 ms for 1 (transfer 0x28c9464d6c0)
* Expire in 0 ms for 1 (transfer 0x28c9464d6c0)
* Expire in 0 ms for 1 (transfer 0x28c9464d6c0)
* Expire in 2 ms for 1 (transfer 0x28c9464d6c0)
* Expire in 0 ms for 1 (transfer 0x28c9464d6c0)
* Expire in 0 ms for 1 (transfer 0x28c9464d6c0)
* Expire in 2 ms for 1 (transfer 0x28c9464d6c0)
* Expire in 0 ms for 1 (transfer 0x28c9464d6c0)
* Expire in 0 ms for 1 (transfer 0x28c9464d6c0)
* Expire in 2 ms for 1 (transfer 0x28c9464d6c0)
* Expire in 0 ms for 1 (transfer 0x28c9464d6c0)
* Expire in 0 ms for 1 (transfer 0x28c9464d6c0)
* Expire in 2 ms for 1 (transfer 0x28c9464d6c0)
* Expire in 0 ms for 1 (transfer 0x28c9464d6c0)
* Expire in 0 ms for 1 (transfer 0x28c9464d6c0)
* Expire in 2 ms for 1 (transfer 0x28c9464d6c0)
* Expire in 0 ms for 1 (transfer 0x28c9464d6c0)
* Expire in 0 ms for 1 (transfer 0x28c9464d6c0)
* Expire in 2 ms for 1 (transfer 0x28c9464d6c0)
* Expire in 0 ms for 1 (transfer 0x28c9464d6c0)
* Expire in 0 ms for 1 (transfer 0x28c9464d6c0)
* Expire in 2 ms for 1 (transfer 0x28c9464d6c0)
* Expire in 0 ms for 1 (transfer 0x28c9464d6c0)
* Expire in 0 ms for 1 (transfer 0x28c9464d6c0)
* Expire in 2 ms for 1 (transfer 0x28c9464d6c0)
* Expire in 0 ms for 1 (transfer 0x28c9464d6c0)
* Expire in 0 ms for 1 (transfer 0x28c9464d6c0)
* Expire in 2 ms for 1 (transfer 0x28c9464d6c0)
* Expire in 0 ms for 1 (transfer 0x28c9464d6c0)
* Expire in 0 ms for 1 (transfer 0x28c9464d6c0)
* Expire in 2 ms for 1 (transfer 0x28c9464d6c0)
* Expire in 0 ms for 1 (transfer 0x28c9464d6c0)
* Expire in 0 ms for 1 (transfer 0x28c9464d6c0)
* Expire in 2 ms for 1 (transfer 0x28c9464d6c0)
* Expire in 0 ms for 1 (transfer 0x28c9464d6c0)
* Expire in 0 ms for 1 (transfer 0x28c9464d6c0)
* Expire in 2 ms for 1 (transfer 0x28c9464d6c0)
* Expire in 0 ms for 1 (transfer 0x28c9464d6c0)
* Expire in 1 ms for 1 (transfer 0x28c9464d6c0)
* Expire in 2 ms for 1 (transfer 0x28c9464d6c0)
* Expire in 1 ms for 1 (transfer 0x28c9464d6c0)
* Expire in 1 ms for 1 (transfer 0x28c9464d6c0)
* Expire in 2 ms for 1 (transfer 0x28c9464d6c0)
* Expire in 1 ms for 1 (transfer 0x28c9464d6c0)
* Expire in 1 ms for 1 (transfer 0x28c9464d6c0)
* Expire in 2 ms for 1 (transfer 0x28c9464d6c0)
* Expire in 1 ms for 1 (transfer 0x28c9464d6c0)
* Expire in 1 ms for 1 (transfer 0x28c9464d6c0)
* Expire in 4 ms for 1 (transfer 0x28c9464d6c0)
* Expire in 2 ms for 1 (transfer 0x28c9464d6c0)
* Expire in 2 ms for 1 (transfer 0x28c9464d6c0)
* Expire in 4 ms for 1 (transfer 0x28c9464d6c0)
* Expire in 3 ms for 1 (transfer 0x28c9464d6c0)
* Expire in 3 ms for 1 (transfer 0x28c9464d6c0)
* Expire in 4 ms for 1 (transfer 0x28c9464d6c0)
* Expire in 3 ms for 1 (transfer 0x28c9464d6c0)
* Expire in 3 ms for 1 (transfer 0x28c9464d6c0)
* Expire in 4 ms for 1 (transfer 0x28c9464d6c0)
* Expire in 4 ms for 1 (transfer 0x28c9464d6c0)
* Expire in 4 ms for 1 (transfer 0x28c9464d6c0)
* Expire in 4 ms for 1 (transfer 0x28c9464d6c0)
* Expire in 5 ms for 1 (transfer 0x28c9464d6c0)
* Expire in 5 ms for 1 (transfer 0x28c9464d6c0)
* Expire in 8 ms for 1 (transfer 0x28c9464d6c0)
* Expire in 7 ms for 1 (transfer 0x28c9464d6c0)
* Expire in 7 ms for 1 (transfer 0x28c9464d6c0)
* Expire in 8 ms for 1 (transfer 0x28c9464d6c0)
* Expire in 7 ms for 1 (transfer 0x28c9464d6c0)
* Expire in 7 ms for 1 (transfer 0x28c9464d6c0)
* Expire in 16 ms for 1 (transfer 0x28c9464d6c0)
* Expire in 10 ms for 1 (transfer 0x28c9464d6c0)
* Expire in 10 ms for 1 (transfer 0x28c9464d6c0)
* Expire in 16 ms for 1 (transfer 0x28c9464d6c0)
* Expire in 13 ms for 1 (transfer 0x28c9464d6c0)
* Expire in 13 ms for 1 (transfer 0x28c9464d6c0)
* Expire in 16 ms for 1 (transfer 0x28c9464d6c0)
* Expire in 50 ms for 1 (transfer 0x28c9464d6c0)
* Expire in 50 ms for 1 (transfer 0x28c9464d6c0)
* Expire in 16 ms for 1 (transfer 0x28c9464d6c0)
* Expire in 50 ms for 1 (transfer 0x28c9464d6c0)
* Expire in 50 ms for 1 (transfer 0x28c9464d6c0)
* Expire in 32 ms for 1 (transfer 0x28c9464d6c0)
* Expire in 50 ms for 1 (transfer 0x28c9464d6c0)
* Expire in 50 ms for 1 (transfer 0x28c9464d6c0)
* Expire in 32 ms for 1 (transfer 0x28c9464d6c0)
* Expire in 50 ms for 1 (transfer 0x28c9464d6c0)
* Expire in 50 ms for 1 (transfer 0x28c9464d6c0)
* Expire in 50 ms for 1 (transfer 0x28c9464d6c0)
*   Trying 66.185.182.49...
* TCP_NODELAY set
* Expire in 200 ms for 4 (transfer 0x28c9464d6c0)
* Connected to apitest.cybersource.com (66.185.182.49) port 443 (#0)
* ALPN, offering h2
* ALPN, offering http/1.1
* successfully set certificate verify locations:
*   CAfile: C:\Users\Julio\Documents\WORK\ZOFRA-TACNA\delivery-v2\vendor\cybersource\rest-client-php\lib\ssl/cacert.pem
  CApath: none
* SSL connection using TLSv1.2 / AES256-GCM-SHA384
* ALPN, server did not agree to a protocol
* Server certificate:
*  subject: C=US; ST=California; L=Foster City; jurisdictionC=US; jurisdictionST=Delaware; O=Cybersource Corporation; businessCategory=Private Organization; serialNumber=2838921; CN=apitest.cybersource.com
*  start date: Jan 18 20:14:02 2019 GMT
*  expire date: Feb 15 20:44:00 2021 GMT
*  subjectAltName: host "apitest.cybersource.com" matched cert's "apitest.cybersource.com"
*  issuer: C=US; O=Entrust, Inc.; OU=See www.entrust.net/legal-terms; OU=(c) 2014 Entrust, Inc. - for authorized use only; CN=Entrust Certification Authority - L1M
*  SSL certificate verify ok.
> POST /pts/v2/payments HTTP/1.1
Host:apitest.cybersource.com
User-Agent: Swagger-Codegen/1.0.0/php
Accept: application/hal+json;charset=utf-8
Content-Type: application/json
v-c-merchant-id:testrest
Signature:keyid="08c94330-f618-42a3-b09d-e1e43be5efda", algorithm="HmacSHA256", headers="host date (request-target) digest v-c-merchant-id", signature="CHvaIZRUAwMp/ze9aNMSiMxS3Mwl6ZPDrLvrci2I9E4="
Date:Mon, 27 Jul 2020 17:12:37 GMT
v-c-client-id:cybs-rest-sdk-php-0.0.14
Digest: SHA-256=lcCNt0IKT+nYnr8PzLoNL7piWtszmpgqpSiTiXCUIAQ=
Content-Length: 491

* upload completely sent off: 491 out of 491 bytes
< HTTP/1.1 201 Created
< Content-Type: application/hal+json
< Content-Length: 860
< X-Cnection: close
< x-response-time: 285ms
< Strict-Transport-Security: max-age=31536000
< v-c-correlation-id: 08aaf3fd-9698-4dae-a0dd-ea37aa276040
< 
* Connection #0 to host apitest.cybersource.com left intact
[DEBUG] HTTP Response body ~BEGIN~
{"_links":{"authReversal":{"method":"POST","href":"/pts/v2/payments/5958879566306988304004/reversals"},"self":{"method":"GET","href":"/pts/v2/payments/5958879566306988304004"},"capture":{"method":"POST","href":"/pts/v2/payments/5958879566306988304004/captures"}},"clientReferenceInformation":{"code":"TC50171_3"},"id":"5958879566306988304004","orderInformation":{"amountDetails":{"authorizedAmount":"100.23","currency":"USD"}},"paymentAccountInformation":{"card":{"type":"001"}},"paymentInformation":{"tokenizedCard":{"type":"001"}},"pointOfSaleInformation":{"terminalId":"111111"},"processorInformation":{"approvalCode":"888888","networkTransactionId":"123456789619999","transactionId":"123456789619999","responseCode":"100","avs":{"code":"X","codeRaw":"I1"}},"reconciliationId":"764021886CYXFVHM","status":"AUTHORIZED","submitTimeUtc":"2020-07-27T22:12:36Z"}
~END~
